c:\users\sugge\onedrive\desktop\procedural\project1\project1\x64\debug\vc141.pdb
c:\users\sugge\onedrive\desktop\procedural\project1\project1\x64\debug\vc141.idb
c:\users\sugge\onedrive\desktop\procedural\project1\project1\x64\debug\source.obj
c:\users\sugge\onedrive\desktop\procedural\project1\project1\x64\debug\init.obj
c:\users\sugge\onedrive\desktop\procedural\project1\project1\x64\debug\gameloop.obj
c:\users\sugge\onedrive\desktop\procedural\project1\project1\x64\debug\destroy.obj
c:\users\carmen\downloads\procedural\project1\project1\x64\debug\vc141.pdb
c:\users\carmen\downloads\procedural\project1\project1\x64\debug\vc141.idb
c:\users\carmen\downloads\procedural\project1\project1\x64\debug\source.obj
c:\users\carmen\downloads\procedural\project1\project1\x64\debug\init.obj
c:\users\carmen\downloads\procedural\project1\project1\x64\debug\gameloop.obj
c:\users\carmen\downloads\procedural\project1\project1\x64\debug\destroy.obj
c:\users\sugge\onedrive\desktop\procedural\project1\x64\debug\project1.ilk
c:\users\sugge\onedrive\desktop\procedural\project1\x64\debug\project1.exe
c:\users\sugge\onedrive\desktop\procedural\project1\x64\debug\project1.pdb
c:\users\carmen\downloads\procedural\project1\x64\debug\project1.ilk
c:\users\carmen\downloads\procedural\project1\x64\debug\project1.exe
c:\users\carmen\downloads\procedural\project1\x64\debug\project1.pdb
c:\users\carmen\downloads\procedural\project1\project1\x64\debug\project1.tlog\cl.command.1.tlog
c:\users\carmen\downloads\procedural\project1\project1\x64\debug\project1.tlog\cl.read.1.tlog
c:\users\carmen\downloads\procedural\project1\project1\x64\debug\project1.tlog\cl.write.1.tlog
c:\users\carmen\downloads\procedural\project1\project1\x64\debug\project1.tlog\link.command.1.tlog
c:\users\carmen\downloads\procedural\project1\project1\x64\debug\project1.tlog\link.read.1.tlog
c:\users\carmen\downloads\procedural\project1\project1\x64\debug\project1.tlog\link.write.1.tlog
